   50005000.000000000     
   100010000.00000000     
   150015000.00000000     
   200020000.00000000     
   250025000.00000000     
   300030000.00000000     
   350035000.00000000     
   400040000.00000000     
   450045000.00000000     
   500050000.00000000     
   550055000.00000000     
   600060000.00000000     
   650065000.00000000     
   700070000.00000000     
   750075000.00000000     
   800080000.00000000     
   850085000.00000000     
   900090000.00000000     
   950095000.00000000     
   1000100000.0000000     
   1050105000.0000000     
   1100110000.0000000     
   1150115000.0000000     
   1200120000.0000000     
   1250125000.0000000     
   1300130000.0000000     
   1350135000.0000000     
   1400140000.0000000     
   1450145000.0000000     
   1500150000.0000000     
   1550155000.0000000     
   1600160000.0000000     
   1650165000.0000000     
   1700170000.0000000     
   1750175000.0000000     
   1800180000.0000000     
   1850185000.0000000     
   1900190000.0000000     
   1950195000.0000000     
   2000200000.0000000     
   2050205000.0000000     
   2100210000.0000000     
   2150215000.0000000     
   2200220000.0000000     
   2250225000.0000000     
   2300230000.0000000     
   2350235000.0000000     
   2400240000.0000000     
   2450245000.0000000     
   2500250000.0000000     
   2550255000.0000000     
   2600260000.0000000     
   2650265000.0000000     
   2700270000.0000000     
   2750275000.0000000     
   2800280000.0000000     
   2850285000.0000000     
   2900290000.0000000     
   2950295000.0000000     
   3000300000.0000000     
   3050305000.0000000     
   3100310000.0000000     
   3150315000.0000000     
   3200320000.0000000     
   3250325000.0000000     
   3300330000.0000000     
   3350335000.0000000     
   3400340000.0000000     
   3450345000.0000000     
   3500350000.0000000     
   3550355000.0000000     
   3600360000.0000000     
   3650365000.0000000     
   3700370000.0000000     
   3750375000.0000000     
   3800380000.0000000     
   3850385000.0000000     
   3900390000.0000000     
   3950395000.0000000     
   4000400000.0000000     
   4050405000.0000000     
   4100410000.0000000     
   4150415000.0000000     
   4200420000.0000000     
   4250425000.0000000     
   4300430000.0000000     
   4350435000.0000000     
   4400440000.0000000     
   4450445000.0000000     
   4500450000.0000000     
   4550455000.0000000     
   4600460000.0000000     
   4650465000.0000000     
   4700470000.0000000     
   4750475000.0000000     
   4800480000.0000000     
   4850485000.0000000     
   4900490000.0000000     
   4950495000.0000000     
   5000500000.0000000